[debug] [2022-08-05T12:44:48.420Z] ----------------------------------------------------------------------
[debug] [2022-08-05T12:44:48.422Z] Command:       /usr/local/bin/node /usr/local/bin/firebase deploy --only hosting
[debug] [2022-08-05T12:44:48.422Z] CLI Version:   11.2.2
[debug] [2022-08-05T12:44:48.422Z] Platform:      linux
[debug] [2022-08-05T12:44:48.422Z] Node Version:  v14.18.0
[debug] [2022-08-05T12:44:48.423Z] Time:          Fri Aug 05 2022 18:14:48 GMT+0530 (India Standard Time)
[debug] [2022-08-05T12:44:48.423Z] ----------------------------------------------------------------------
[debug] 
[debug] [2022-08-05T12:44:48.473Z] > command requires scopes: ["email","openid","https://www.googleapis.com/auth/cloudplatformprojects.readonly","https://www.googleapis.com/auth/firebase","https://www.googleapis.com/auth/cloud-platform"]
[debug] [2022-08-05T12:44:48.473Z] > authorizing via signed-in user (harith.liftekak@gmail.com)
[debug] [2022-08-05T12:44:48.473Z] [iam] checking project liftekak-ebbc2 for permissions ["firebase.projects.get","firebasehosting.sites.update"]
[debug] [2022-08-05T12:44:48.475Z] >>> [apiv2][query] POST https://cloudresourcemanager.googleapis.com/v1/projects/liftekak-ebbc2:testIamPermissions [none]
[debug] [2022-08-05T12:44:48.475Z] >>> [apiv2][body] POST https://cloudresourcemanager.googleapis.com/v1/projects/liftekak-ebbc2:testIamPermissions {"permissions":["firebase.projects.get","firebasehosting.sites.update"]}
[debug] [2022-08-05T12:44:49.916Z] <<< [apiv2][status] POST https://cloudresourcemanager.googleapis.com/v1/projects/liftekak-ebbc2:testIamPermissions 200
[debug] [2022-08-05T12:44:49.916Z] <<< [apiv2][body] POST https://cloudresourcemanager.googleapis.com/v1/projects/liftekak-ebbc2:testIamPermissions {"permissions":["firebase.projects.get","firebasehosting.sites.update"]}
[debug] [2022-08-05T12:44:49.919Z] >>> [apiv2][query] GET https://firebase.googleapis.com/v1beta1/projects/liftekak-ebbc2 [none]
[debug] [2022-08-05T12:44:50.343Z] <<< [apiv2][status] GET https://firebase.googleapis.com/v1beta1/projects/liftekak-ebbc2 200
[debug] [2022-08-05T12:44:50.344Z] <<< [apiv2][body] GET https://firebase.googleapis.com/v1beta1/projects/liftekak-ebbc2 {"projectId":"liftekak-ebbc2","projectNumber":"1097028429256","displayName":"LiftEkak","name":"projects/liftekak-ebbc2","resources":{"hostingSite":"liftekak-ebbc2","storageBucket":"liftekak-ebbc2.appspot.com","locationId":"asia-south1"},"state":"ACTIVE","etag":"1_7a2ea2e2-93f2-4176-98b7-6bb36599996b"}
[info] 
[info] === Deploying to 'liftekak-ebbc2'...
[info] 
[info] i  deploying hosting 
[debug] [2022-08-05T12:44:50.353Z] >>> [apiv2][query] GET https://firebase.googleapis.com/v1beta1/projects/liftekak-ebbc2 [none]
[debug] [2022-08-05T12:44:50.849Z] <<< [apiv2][status] GET https://firebase.googleapis.com/v1beta1/projects/liftekak-ebbc2 200
[debug] [2022-08-05T12:44:50.850Z] <<< [apiv2][body] GET https://firebase.googleapis.com/v1beta1/projects/liftekak-ebbc2 {"projectId":"liftekak-ebbc2","projectNumber":"1097028429256","displayName":"LiftEkak","name":"projects/liftekak-ebbc2","resources":{"hostingSite":"liftekak-ebbc2","storageBucket":"liftekak-ebbc2.appspot.com","locationId":"asia-south1"},"state":"ACTIVE","etag":"1_7a2ea2e2-93f2-4176-98b7-6bb36599996b"}
[debug] [2022-08-05T12:44:50.856Z] >>> [apiv2][query] POST https://firebasehosting.googleapis.com/v1beta1/projects/1097028429256/sites/liftekak-ebbc2/versions [none]
[debug] [2022-08-05T12:44:50.856Z] >>> [apiv2][body] POST https://firebasehosting.googleapis.com/v1beta1/projects/1097028429256/sites/liftekak-ebbc2/versions {"config":{"rewrites":[{"glob":"**","path":"/index.html"}]},"labels":{"deployment-tool":"cli-firebase"}}
[debug] [2022-08-05T12:44:52.564Z] <<< [apiv2][status] POST https://firebasehosting.googleapis.com/v1beta1/projects/1097028429256/sites/liftekak-ebbc2/versions 200
[debug] [2022-08-05T12:44:52.565Z] <<< [apiv2][body] POST https://firebasehosting.googleapis.com/v1beta1/projects/1097028429256/sites/liftekak-ebbc2/versions {"name":"projects/1097028429256/sites/liftekak-ebbc2/versions/b6afa874737a4a7e","status":"CREATED","config":{"rewrites":[{"glob":"**","path":"/index.html"}]},"labels":{"deployment-tool":"cli-firebase"}}
[info] i  hosting[liftekak-ebbc2]: beginning deploy... 
[info] i  hosting[liftekak-ebbc2]: found 25 files in build 
[debug] [2022-08-05T12:44:52.576Z] [hosting] uploading with 200 concurrency
[debug] [2022-08-05T12:44:53.536Z] [hosting] hash cache [YnVpbGQ] stored for 25 files
[debug] [2022-08-05T12:44:53.536Z] [hosting][hash queue][FINAL] {"max":954,"min":20,"avg":80.76,"active":0,"complete":25,"success":25,"errored":0,"retried":0,"total":25,"elapsed":959}
[debug] [2022-08-05T12:44:53.537Z] >>> [apiv2][query] POST https://firebasehosting.googleapis.com/v1beta1/projects/1097028429256/sites/liftekak-ebbc2/versions/b6afa874737a4a7e:populateFiles [none]
[debug] [2022-08-05T12:44:53.537Z] >>> [apiv2][body] POST https://firebasehosting.googleapis.com/v1beta1/projects/1097028429256/sites/liftekak-ebbc2/versions/b6afa874737a4a7e:populateFiles {"files":{"/asset-manifest.json":"022a7e363cdfb581d1d5377f01a7aa06dc3a507bb79ddea123d1bee383ff2281","/index.html":"e86a03652ef687dcaaa25d81881b9692e339789cdd53a3791f4ccd94fc48cbb8","/favicon.ico":"c599b7a91ab3627e3538125d9f40adc2d4bf949046984262670545dc7738af06","/manifest.json":"778534f5fd9fa87cf7803e1dc522cf89b8937841837da43db4fa8244b3eeca68","/precache-manifest.e39397996627fca2965335343e516818.js":"6ef89f7504abe6928226040e785fc56fc81f60876d7ecb305d8997eb8358817f","/logo192.png":"76c449ccb9cd117c2f2338f091b18f7050f3210e249b2228f5c81b23f34377cd","/robots.txt":"2544ca049f223a42bff01f72ad930a5edba75bbb7199d0f8430a02ff5aca16ec","/service-worker.js":"068054f7b24dda246b12e4907b8bfe72dd4cb68b58861c33b2331401924d6cb5","/logo512.png":"7779210d56c1f3741e2e487799fe3092def4fa6ac450a60532b807c3a8971205","/static/js/2.efbd8ca7.chunk.js.LICENSE.txt":"fad37a42bab89f3b64bf80c436a3960c26312f5d02d347d4fba5fbc79cbae690","/static/js/3.e1015e0d.chunk.js":"c3dc9079c1805f0e029bff98632690d1521a8458e44f456defd28007203356a1","/static/js/3.e1015e0d.chunk.js.map":"8f12d5ed4fc75698738e361d464f11ac285feb6f70903e861461c22fd679a3a9","/static/js/main.6a6d6594.chunk.js.LICENSE.txt":"eb312e61bef0be8bbde5ef55edae0478854a84677425884dc0c0faf59b730504","/static/js/runtime-main.fefaaf3e.js.map":"2323db3f6abf4164bea1450833e4b30cd3298b4466bb05bfd7e1531b06ca03fd","/static/js/runtime-main.fefaaf3e.js":"93659e73909bdd6ad86ce4bdf41edfcd7a6ab2199e8b6449281b1b0aae859e11","/static/media/google.13677749.svg":"7930f858e9987e4bc36b35793fc679aca5865f521d8f72a948accddf7ef8cedd","/static/js/main.6a6d6594.chunk.js":"f13c580c0b3dda853d465bd2a28defaa8f2fb280fa464b76502b76aa0f77db2d","/static/css/main.24c1a71e.chunk.css":"4c61eb4c0ad7bd4b64f11f91b739d94d8c679e2e3d78397d5a9dad7c26893b59","/static/js/main.6a6d6594.chunk.js.map":"c9c3288520b32fbe0d467158dfb5e39bf9b3aa2a70dddccb828763aedea78375","/static/css/2.bb57abf7.chunk.css":"b105646254b8174c14e1bf62dc660c800d3214b85420e7d997b0fb0520c4bab3","/static/css/main.24c1a71e.chunk.css.map":"11f293e0ac7db73e2013150492c6e0685f02ee646c206896b890cfa986124a14","/static/media/app-logo.0f41a9b5.png":"bc55acef5e6dbfcf6ca2f3e87dc859b11773a6bcdeb3152e5da9f0fc7f7d9f58","/static/css/2.bb57abf7.chunk.css.map":"b6c4ecb0cf678d15d6a20a43094f253dd1318336ddb17e9d7c1887cf17db3178","/static/js/2.efbd8ca7.chunk.js":"e050fa04f5a7405cad4679eedfb1653fd59b57ac6ffd5b20b06032e303dc1fd7","/static/js/2.efbd8ca7.chunk.js.map":"1849648c871820ea4857beb6e447018eac3fb18e6c7cae4f64fddf4c1bb05a03"}}
[debug] [2022-08-05T12:44:55.033Z] <<< [apiv2][status] POST https://firebasehosting.googleapis.com/v1beta1/projects/1097028429256/sites/liftekak-ebbc2/versions/b6afa874737a4a7e:populateFiles 200
[debug] [2022-08-05T12:44:55.033Z] <<< [apiv2][body] POST https://firebasehosting.googleapis.com/v1beta1/projects/1097028429256/sites/liftekak-ebbc2/versions/b6afa874737a4a7e:populateFiles {"uploadRequiredHashes":["778534f5fd9fa87cf7803e1dc522cf89b8937841837da43db4fa8244b3eeca68","e86a03652ef687dcaaa25d81881b9692e339789cdd53a3791f4ccd94fc48cbb8","068054f7b24dda246b12e4907b8bfe72dd4cb68b58861c33b2331401924d6cb5","022a7e363cdfb581d1d5377f01a7aa06dc3a507bb79ddea123d1bee383ff2281","6ef89f7504abe6928226040e785fc56fc81f60876d7ecb305d8997eb8358817f"],"uploadUrl":"https://upload-firebasehosting.googleapis.com/upload/sites/liftekak-ebbc2/versions/b6afa874737a4a7e/files"}
[debug] [2022-08-05T12:44:55.036Z] >>> [apiv2][query] POST https://upload-firebasehosting.googleapis.com/upload/sites/liftekak-ebbc2/versions/b6afa874737a4a7e/files/778534f5fd9fa87cf7803e1dc522cf89b8937841837da43db4fa8244b3eeca68 [none]
[debug] [2022-08-05T12:44:55.036Z] >>> [apiv2][body] POST https://upload-firebasehosting.googleapis.com/upload/sites/liftekak-ebbc2/versions/b6afa874737a4a7e/files/778534f5fd9fa87cf7803e1dc522cf89b8937841837da43db4fa8244b3eeca68 [stream]
[debug] [2022-08-05T12:44:55.038Z] >>> [apiv2][query] POST https://upload-firebasehosting.googleapis.com/upload/sites/liftekak-ebbc2/versions/b6afa874737a4a7e/files/e86a03652ef687dcaaa25d81881b9692e339789cdd53a3791f4ccd94fc48cbb8 [none]
[debug] [2022-08-05T12:44:55.038Z] >>> [apiv2][body] POST https://upload-firebasehosting.googleapis.com/upload/sites/liftekak-ebbc2/versions/b6afa874737a4a7e/files/e86a03652ef687dcaaa25d81881b9692e339789cdd53a3791f4ccd94fc48cbb8 [stream]
[debug] [2022-08-05T12:44:55.040Z] >>> [apiv2][query] POST https://upload-firebasehosting.googleapis.com/upload/sites/liftekak-ebbc2/versions/b6afa874737a4a7e/files/068054f7b24dda246b12e4907b8bfe72dd4cb68b58861c33b2331401924d6cb5 [none]
[debug] [2022-08-05T12:44:55.040Z] >>> [apiv2][body] POST https://upload-firebasehosting.googleapis.com/upload/sites/liftekak-ebbc2/versions/b6afa874737a4a7e/files/068054f7b24dda246b12e4907b8bfe72dd4cb68b58861c33b2331401924d6cb5 [stream]
[debug] [2022-08-05T12:44:55.041Z] >>> [apiv2][query] POST https://upload-firebasehosting.googleapis.com/upload/sites/liftekak-ebbc2/versions/b6afa874737a4a7e/files/022a7e363cdfb581d1d5377f01a7aa06dc3a507bb79ddea123d1bee383ff2281 [none]
[debug] [2022-08-05T12:44:55.041Z] >>> [apiv2][body] POST https://upload-firebasehosting.googleapis.com/upload/sites/liftekak-ebbc2/versions/b6afa874737a4a7e/files/022a7e363cdfb581d1d5377f01a7aa06dc3a507bb79ddea123d1bee383ff2281 [stream]
[debug] [2022-08-05T12:44:55.043Z] >>> [apiv2][query] POST https://upload-firebasehosting.googleapis.com/upload/sites/liftekak-ebbc2/versions/b6afa874737a4a7e/files/6ef89f7504abe6928226040e785fc56fc81f60876d7ecb305d8997eb8358817f [none]
[debug] [2022-08-05T12:44:55.043Z] >>> [apiv2][body] POST https://upload-firebasehosting.googleapis.com/upload/sites/liftekak-ebbc2/versions/b6afa874737a4a7e/files/6ef89f7504abe6928226040e785fc56fc81f60876d7ecb305d8997eb8358817f [stream]
[debug] [2022-08-05T12:44:55.045Z] [hosting][populate queue][FINAL] {"max":1501,"min":1501,"avg":1501,"active":0,"complete":1,"success":1,"errored":0,"retried":0,"total":1,"elapsed":1510}
[debug] [2022-08-05T12:44:55.045Z] [hosting] uploads queued: 5
[debug] [2022-08-05T12:44:56.676Z] <<< [apiv2][status] POST https://upload-firebasehosting.googleapis.com/upload/sites/liftekak-ebbc2/versions/b6afa874737a4a7e/files/778534f5fd9fa87cf7803e1dc522cf89b8937841837da43db4fa8244b3eeca68 200
[debug] [2022-08-05T12:44:56.677Z] <<< [apiv2][body] POST https://upload-firebasehosting.googleapis.com/upload/sites/liftekak-ebbc2/versions/b6afa874737a4a7e/files/778534f5fd9fa87cf7803e1dc522cf89b8937841837da43db4fa8244b3eeca68 [stream]
[debug] [2022-08-05T12:44:56.709Z] <<< [apiv2][status] POST https://upload-firebasehosting.googleapis.com/upload/sites/liftekak-ebbc2/versions/b6afa874737a4a7e/files/022a7e363cdfb581d1d5377f01a7aa06dc3a507bb79ddea123d1bee383ff2281 200
[debug] [2022-08-05T12:44:56.709Z] <<< [apiv2][body] POST https://upload-firebasehosting.googleapis.com/upload/sites/liftekak-ebbc2/versions/b6afa874737a4a7e/files/022a7e363cdfb581d1d5377f01a7aa06dc3a507bb79ddea123d1bee383ff2281 [stream]
[debug] [2022-08-05T12:44:56.715Z] <<< [apiv2][status] POST https://upload-firebasehosting.googleapis.com/upload/sites/liftekak-ebbc2/versions/b6afa874737a4a7e/files/e86a03652ef687dcaaa25d81881b9692e339789cdd53a3791f4ccd94fc48cbb8 200
[debug] [2022-08-05T12:44:56.715Z] <<< [apiv2][body] POST https://upload-firebasehosting.googleapis.com/upload/sites/liftekak-ebbc2/versions/b6afa874737a4a7e/files/e86a03652ef687dcaaa25d81881b9692e339789cdd53a3791f4ccd94fc48cbb8 [stream]
[debug] [2022-08-05T12:44:56.757Z] <<< [apiv2][status] POST https://upload-firebasehosting.googleapis.com/upload/sites/liftekak-ebbc2/versions/b6afa874737a4a7e/files/068054f7b24dda246b12e4907b8bfe72dd4cb68b58861c33b2331401924d6cb5 200
[debug] [2022-08-05T12:44:56.757Z] <<< [apiv2][body] POST https://upload-firebasehosting.googleapis.com/upload/sites/liftekak-ebbc2/versions/b6afa874737a4a7e/files/068054f7b24dda246b12e4907b8bfe72dd4cb68b58861c33b2331401924d6cb5 [stream]
[debug] [2022-08-05T12:44:56.779Z] <<< [apiv2][status] POST https://upload-firebasehosting.googleapis.com/upload/sites/liftekak-ebbc2/versions/b6afa874737a4a7e/files/6ef89f7504abe6928226040e785fc56fc81f60876d7ecb305d8997eb8358817f 200
[debug] [2022-08-05T12:44:56.779Z] <<< [apiv2][body] POST https://upload-firebasehosting.googleapis.com/upload/sites/liftekak-ebbc2/versions/b6afa874737a4a7e/files/6ef89f7504abe6928226040e785fc56fc81f60876d7ecb305d8997eb8358817f [stream]
[debug] [2022-08-05T12:44:56.780Z] [hosting][upload queue][FINAL] {"max":1744,"min":1646,"avg":1693.4,"active":0,"complete":5,"success":5,"errored":0,"retried":0,"total":5,"elapsed":1746}
[info] ✔  hosting[liftekak-ebbc2]: file upload complete 
[debug] [2022-08-05T12:44:56.782Z] [hosting] deploy completed after 4217ms
[debug] [2022-08-05T12:44:56.791Z] [
  {
    "config": {
      "public": "build",
      "ignore": [
        "firebase.json",
        "**/.*",
        "**/node_modules/**"
      ],
      "rewrites": [
        {
          "source": "**",
          "destination": "/index.html"
        }
      ],
      "site": "liftekak-ebbc2"
    },
    "site": "liftekak-ebbc2",
    "version": "projects/1097028429256/sites/liftekak-ebbc2/versions/b6afa874737a4a7e"
  }
]
[info] i  hosting[liftekak-ebbc2]: finalizing version... 
[debug] [2022-08-05T12:44:56.796Z] >>> [apiv2][query] PATCH https://firebasehosting.googleapis.com/v1beta1/projects/1097028429256/sites/liftekak-ebbc2/versions/b6afa874737a4a7e updateMask=status%2Cconfig
[debug] [2022-08-05T12:44:56.796Z] >>> [apiv2][body] PATCH https://firebasehosting.googleapis.com/v1beta1/projects/1097028429256/sites/liftekak-ebbc2/versions/b6afa874737a4a7e {"status":"FINALIZED","config":{"rewrites":[{"glob":"**","path":"/index.html"}]}}
